[2019-01-08 10:18:13] local.ERROR: syntax error, unexpected end of file {"exception":"[object] (Symfony\\Component\\Debug\\Exception\\FatalThrowableError(code: 0): syntax error, unexpected end of file at D:\\Programmes\\wamp64\\www\\phpFramework\\laravel5\outes\\web.php:20)
[stacktrace]
#0 D:\\Programmes\\wamp64\\www\\phpFramework\\laravel5\\vendor\\laravel\\framework\\src\\Illuminate\\Routing\\Router.php(373): Illuminate\\Routing\\Router->loadRoutes('D:\\\\Programmes\\\\w...')
#1 D:\\Programmes\\wamp64\\www\\phpFramework\\laravel5\\vendor\\laravel\\framework\\src\\Illuminate\\Routing\\RouteRegistrar.php(121): Illuminate\\Routing\\Router->group(Array, 'D:\\\\Programmes\\\\w...')
#2 D:\\Programmes\\wamp64\\www\\phpFramework\\laravel5\\app\\Providers\\RouteServiceProvider.php(56): Illuminate\\Routing\\RouteRegistrar->group('D:\\\\Programmes\\\\w...')
#3 D:\\Programmes\\wamp64\\www\\phpFramework\\laravel5\\app\\Providers\\RouteServiceProvider.php(40): App\\Providers\\RouteServiceProvider->mapWebRoutes()
#4 [internal function]: App\\Providers\\RouteServiceProvider->map()
#5 D:\\Programmes\\wamp64\\www\\phpFramework\\laravel5\\vendor\\laravel\\framework\\src\\Illuminate\\Container\\BoundMethod.php(29): call_user_func_array(Array, Array)
#6 D:\\Programmes\\wamp64\\www\\phpFramework\\laravel5\\vendor\\laravel\\framework\\src\\Illuminate\\Container\\BoundMethod.php(87): Illuminate\\Container\\BoundMethod::Illuminate\\Container\\{closure}()
#7 D:\\Programmes\\wamp64\\www\\phpFramework\\laravel5\\vendor\\laravel\\framework\\src\\Illuminate\\Container\\BoundMethod.php(31): Illuminate\\Container\\BoundMethod::callBoundMethod(Object(Illuminate\\Foundation\\Application), Array, Object(Closure))
#8 D:\\Programmes\\wamp64\\www\\phpFramework\\laravel5\\vendor\\laravel\\framework\\src\\Illuminate\\Container\\Container.php(572): Illuminate\\Container\\BoundMethod::call(Object(Illuminate\\Foundation\\Application), Array, Array, NULL)
#9 D:\\Programmes\\wamp64\\www\\phpFramework\\laravel5\\vendor\\laravel\\framework\\src\\Illuminate\\Foundation\\Support\\Providers\\RouteServiceProvider.php(77): Illuminate\\Container\\Container->call(Array)
#10 D:\\Programmes\\wamp64\\www\\phpFramework\\laravel5\\vendor\\laravel\\framework\\src\\Illuminate\\Foundation\\Support\\Providers\\RouteServiceProvider.php(36): Illuminate\\Foundation\\Support\\Providers\\RouteServiceProvider->loadRoutes()
#11 D:\\Programmes\\wamp64\\www\\phpFramework\\laravel5\\app\\Providers\\RouteServiceProvider.php(28): Illuminate\\Foundation\\Support\\Providers\\RouteServiceProvider->boot()
#12 [internal function]: App\\Providers\\RouteServiceProvider->boot()
#13 D:\\Programmes\\wamp64\\www\\phpFramework\\laravel5\\vendor\\laravel\\framework\\src\\Illuminate\\Container\\BoundMethod.php(29): call_user_func_array(Array, Array)
#14 D:\\Programmes\\wamp64\\www\\phpFramework\\laravel5\\vendor\\laravel\\framework\\src\\Illuminate\\Container\\BoundMethod.php(87): Illuminate\\Container\\BoundMethod::Illuminate\\Container\\{closure}()
#15 D:\\Programmes\\wamp64\\www\\phpFramework\\laravel5\\vendor\\laravel\\framework\\src\\Illuminate\\Container\\BoundMethod.php(31): Illuminate\\Container\\BoundMethod::callBoundMethod(Object(Illuminate\\Foundation\\Application), Array, Object(Closure))
#16 D:\\Programmes\\wamp64\\www\\phpFramework\\laravel5\\vendor\\laravel\\framework\\src\\Illuminate\\Container\\Container.php(572): Illuminate\\Container\\BoundMethod::call(Object(Illuminate\\Foundation\\Application), Array, Array, NULL)
#17 D:\\Programmes\\wamp64\\www\\phpFramework\\laravel5\\vendor\\laravel\\framework\\src\\Illuminate\\Foundation\\Application.php(795): Illuminate\\Container\\Container->call(Array)
#18 D:\\Programmes\\wamp64\\www\\phpFramework\\laravel5\\vendor\\laravel\\framework\\src\\Illuminate\\Foundation\\Application.php(778): Illuminate\\Foundation\\Application->bootProvider(Object(App\\Providers\\RouteServiceProvider))
#19 [internal function]: Illuminate\\Foundation\\Application->Illuminate\\Foundation\\{closure}(Object(App\\Providers\\RouteServiceProvider), 22)
#20 D:\\Programmes\\wamp64\\www\\phpFramework\\laravel5\\vendor\\laravel\\framework\\src\\Illuminate\\Foundation\\Application.php(779): array_walk(Array, Object(Closure))
#21 D:\\Programmes\\wamp64\\www\\phpFramework\\laravel5\\vendor\\laravel\\framework\\src\\Illuminate\\Foundation\\Bootstrap\\BootProviders.php(17): Illuminate\\Foundation\\Application->boot()
#22 D:\\Programmes\\wamp64\\www\\phpFramework\\laravel5\\vendor\\laravel\\framework\\src\\Illuminate\\Foundation\\Application.php(204): Illuminate\\Foundation\\Bootstrap\\BootProviders->bootstrap(Object(Illuminate\\Foundation\\Application))
#23 D:\\Programmes\\wamp64\\www\\phpFramework\\laravel5\\vendor\\laravel\\framework\\src\\Illuminate\\Foundation\\Http\\Kernel.php(162): Illuminate\\Foundation\\Application->bootstrapWith(Array)
#24 D:\\Programmes\\wamp64\\www\\phpFramework\\laravel5\\vendor\\laravel\\framework\\src\\Illuminate\\Foundation\\Http\\Kernel.php(146): Illuminate\\Foundation\\Http\\Kernel->bootstrap()
#25 D:\\Programmes\\wamp64\\www\\phpFramework\\laravel5\\vendor\\laravel\\framework\\src\\Illuminate\\Foundation\\Http\\Kernel.php(116): Illuminate\\Foundation\\Http\\Kernel->sendRequestThroughRouter(Object(Illuminate\\Http\\Request))
#26 D:\\Programmes\\wamp64\\www\\phpFramework\\laravel5\\public\\index.php(55): Illuminate\\Foundation\\Http\\Kernel->handle(Object(Illuminate\\Http\\Request))
#27 {main}
"} 
[2019-01-08 10:20:14] local.ERROR: syntax error, unexpected end of file {"exception":"[object] (Symfony\\Component\\Debug\\Exception\\FatalThrowableError(code: 0): syntax error, unexpected end of file at D:\\Programmes\\wamp64\\www\\phpFramework\\laravel5\outes\\web.php:20)
[stacktrace]
#0 D:\\Programmes\\wamp64\\www\\phpFramework\\laravel5\\vendor\\laravel\\framework\\src\\Illuminate\\Routing\\Router.php(373): Illuminate\\Routing\\Router->loadRoutes('D:\\\\Programmes\\\\w...')
#1 D:\\Programmes\\wamp64\\www\\phpFramework\\laravel5\\vendor\\laravel\\framework\\src\\Illuminate\\Routing\\RouteRegistrar.php(121): Illuminate\\Routing\\Router->group(Array, 'D:\\\\Programmes\\\\w...')
#2 D:\\Programmes\\wamp64\\www\\phpFramework\\laravel5\\app\\Providers\\RouteServiceProvider.php(56): Illuminate\\Routing\\RouteRegistrar->group('D:\\\\Programmes\\\\w...')
#3 D:\\Programmes\\wamp64\\www\\phpFramework\\laravel5\\app\\Providers\\RouteServiceProvider.php(40): App\\Providers\\RouteServiceProvider->mapWebRoutes()
#4 [internal function]: App\\Providers\\RouteServiceProvider->map()
#5 D:\\Programmes\\wamp64\\www\\phpFramework\\laravel5\\vendor\\laravel\\framework\\src\\Illuminate\\Container\\BoundMethod.php(29): call_user_func_array(Array, Array)
#6 D:\\Programmes\\wamp64\\www\\phpFramework\\laravel5\\vendor\\laravel\\framework\\src\\Illuminate\\Container\\BoundMethod.php(87): Illuminate\\Container\\BoundMethod::Illuminate\\Container\\{closure}()
#7 D:\\Programmes\\wamp64\\www\\phpFramework\\laravel5\\vendor\\laravel\\framework\\src\\Illuminate\\Container\\BoundMethod.php(31): Illuminate\\Container\\BoundMethod::callBoundMethod(Object(Illuminate\\Foundation\\Application), Array, Object(Closure))
#8 D:\\Programmes\\wamp64\\www\\phpFramework\\laravel5\\vendor\\laravel\\framework\\src\\Illuminate\\Container\\Container.php(572): Illuminate\\Container\\BoundMethod::call(Object(Illuminate\\Foundation\\Application), Array, Array, NULL)
#9 D:\\Programmes\\wamp64\\www\\phpFramework\\laravel5\\vendor\\laravel\\framework\\src\\Illuminate\\Foundation\\Support\\Providers\\RouteServiceProvider.php(77): Illuminate\\Container\\Container->call(Array)
#10 D:\\Programmes\\wamp64\\www\\phpFramework\\laravel5\\vendor\\laravel\\framework\\src\\Illuminate\\Foundation\\Support\\Providers\\RouteServiceProvider.php(36): Illuminate\\Foundation\\Support\\Providers\\RouteServiceProvider->loadRoutes()
#11 D:\\Programmes\\wamp64\\www\\phpFramework\\laravel5\\app\\Providers\\RouteServiceProvider.php(28): Illuminate\\Foundation\\Support\\Providers\\RouteServiceProvider->boot()
#12 [internal function]: App\\Providers\\RouteServiceProvider->boot()
#13 D:\\Programmes\\wamp64\\www\\phpFramework\\laravel5\\vendor\\laravel\\framework\\src\\Illuminate\\Container\\BoundMethod.php(29): call_user_func_array(Array, Array)
#14 D:\\Programmes\\wamp64\\www\\phpFramework\\laravel5\\vendor\\laravel\\framework\\src\\Illuminate\\Container\\BoundMethod.php(87): Illuminate\\Container\\BoundMethod::Illuminate\\Container\\{closure}()
#15 D:\\Programmes\\wamp64\\www\\phpFramework\\laravel5\\vendor\\laravel\\framework\\src\\Illuminate\\Container\\BoundMethod.php(31): Illuminate\\Container\\BoundMethod::callBoundMethod(Object(Illuminate\\Foundation\\Application), Array, Object(Closure))
#16 D:\\Programmes\\wamp64\\www\\phpFramework\\laravel5\\vendor\\laravel\\framework\\src\\Illuminate\\Container\\Container.php(572): Illuminate\\Container\\BoundMethod::call(Object(Illuminate\\Foundation\\Application), Array, Array, NULL)
#17 D:\\Programmes\\wamp64\\www\\phpFramework\\laravel5\\vendor\\laravel\\framework\\src\\Illuminate\\Foundation\\Application.php(795): Illuminate\\Container\\Container->call(Array)
#18 D:\\Programmes\\wamp64\\www\\phpFramework\\laravel5\\vendor\\laravel\\framework\\src\\Illuminate\\Foundation\\Application.php(778): Illuminate\\Foundation\\Application->bootProvider(Object(App\\Providers\\RouteServiceProvider))
#19 [internal function]: Illuminate\\Foundation\\Application->Illuminate\\Foundation\\{closure}(Object(App\\Providers\\RouteServiceProvider), 22)
#20 D:\\Programmes\\wamp64\\www\\phpFramework\\laravel5\\vendor\\laravel\\framework\\src\\Illuminate\\Foundation\\Application.php(779): array_walk(Array, Object(Closure))
#21 D:\\Programmes\\wamp64\\www\\phpFramework\\laravel5\\vendor\\laravel\\framework\\src\\Illuminate\\Foundation\\Bootstrap\\BootProviders.php(17): Illuminate\\Foundation\\Application->boot()
#22 D:\\Programmes\\wamp64\\www\\phpFramework\\laravel5\\vendor\\laravel\\framework\\src\\Illuminate\\Foundation\\Application.php(204): Illuminate\\Foundation\\Bootstrap\\BootProviders->bootstrap(Object(Illuminate\\Foundation\\Application))
#23 D:\\Programmes\\wamp64\\www\\phpFramework\\laravel5\\vendor\\laravel\\framework\\src\\Illuminate\\Foundation\\Http\\Kernel.php(162): Illuminate\\Foundation\\Application->bootstrapWith(Array)
#24 D:\\Programmes\\wamp64\\www\\phpFramework\\laravel5\\vendor\\laravel\\framework\\src\\Illuminate\\Foundation\\Http\\Kernel.php(146): Illuminate\\Foundation\\Http\\Kernel->bootstrap()
#25 D:\\Programmes\\wamp64\\www\\phpFramework\\laravel5\\vendor\\laravel\\framework\\src\\Illuminate\\Foundation\\Http\\Kernel.php(116): Illuminate\\Foundation\\Http\\Kernel->sendRequestThroughRouter(Object(Illuminate\\Http\\Request))
#26 D:\\Programmes\\wamp64\\www\\phpFramework\\laravel5\\public\\index.php(55): Illuminate\\Foundation\\Http\\Kernel->handle(Object(Illuminate\\Http\\Request))
#27 {main}
"} 
[2019-01-08 10:22:06] local.ERROR: syntax error, unexpected end of file {"exception":"[object] (Symfony\\Component\\Debug\\Exception\\FatalThrowableError(code: 0): syntax error, unexpected end of file at D:\\Programmes\\wamp64\\www\\phpFramework\\laravel5\outes\\web.php:20)
[stacktrace]
#0 D:\\Programmes\\wamp64\\www\\phpFramework\\laravel5\\vendor\\laravel\\framework\\src\\Illuminate\\Routing\\Router.php(373): Illuminate\\Routing\\Router->loadRoutes('D:\\\\Programmes\\\\w...')
#1 D:\\Programmes\\wamp64\\www\\phpFramework\\laravel5\\vendor\\laravel\\framework\\src\\Illuminate\\Routing\\RouteRegistrar.php(121): Illuminate\\Routing\\Router->group(Array, 'D:\\\\Programmes\\\\w...')
#2 D:\\Programmes\\wamp64\\www\\phpFramework\\laravel5\\app\\Providers\\RouteServiceProvider.php(56): Illuminate\\Routing\\RouteRegistrar->group('D:\\\\Programmes\\\\w...')
#3 D:\\Programmes\\wamp64\\www\\phpFramework\\laravel5\\app\\Providers\\RouteServiceProvider.php(40): App\\Providers\\RouteServiceProvider->mapWebRoutes()
#4 [internal function]: App\\Providers\\RouteServiceProvider->map()
#5 D:\\Programmes\\wamp64\\www\\phpFramework\\laravel5\\vendor\\laravel\\framework\\src\\Illuminate\\Container\\BoundMethod.php(29): call_user_func_array(Array, Array)
#6 D:\\Programmes\\wamp64\\www\\phpFramework\\laravel5\\vendor\\laravel\\framework\\src\\Illuminate\\Container\\BoundMethod.php(87): Illuminate\\Container\\BoundMethod::Illuminate\\Container\\{closure}()
#7 D:\\Programmes\\wamp64\\www\\phpFramework\\laravel5\\vendor\\laravel\\framework\\src\\Illuminate\\Container\\BoundMethod.php(31): Illuminate\\Container\\BoundMethod::callBoundMethod(Object(Illuminate\\Foundation\\Application), Array, Object(Closure))
#8 D:\\Programmes\\wamp64\\www\\phpFramework\\laravel5\\vendor\\laravel\\framework\\src\\Illuminate\\Container\\Container.php(572): Illuminate\\Container\\BoundMethod::call(Object(Illuminate\\Foundation\\Application), Array, Array, NULL)
#9 D:\\Programmes\\wamp64\\www\\phpFramework\\laravel5\\vendor\\laravel\\framework\\src\\Illuminate\\Foundation\\Support\\Providers\\RouteServiceProvider.php(77): Illuminate\\Container\\Container->call(Array)
#10 D:\\Programmes\\wamp64\\www\\phpFramework\\laravel5\\vendor\\laravel\\framework\\src\\Illuminate\\Foundation\\Support\\Providers\\RouteServiceProvider.php(36): Illuminate\\Foundation\\Support\\Providers\\RouteServiceProvider->loadRoutes()
#11 D:\\Programmes\\wamp64\\www\\phpFramework\\laravel5\\app\\Providers\\RouteServiceProvider.php(28): Illuminate\\Foundation\\Support\\Providers\\RouteServiceProvider->boot()
#12 [internal function]: App\\Providers\\RouteServiceProvider->boot()
#13 D:\\Programmes\\wamp64\\www\\phpFramework\\laravel5\\vendor\\laravel\\framework\\src\\Illuminate\\Container\\BoundMethod.php(29): call_user_func_array(Array, Array)
#14 D:\\Programmes\\wamp64\\www\\phpFramework\\laravel5\\vendor\\laravel\\framework\\src\\Illuminate\\Container\\BoundMethod.php(87): Illuminate\\Container\\BoundMethod::Illuminate\\Container\\{closure}()
#15 D:\\Programmes\\wamp64\\www\\phpFramework\\laravel5\\vendor\\laravel\\framework\\src\\Illuminate\\Container\\BoundMethod.php(31): Illuminate\\Container\\BoundMethod::callBoundMethod(Object(Illuminate\\Foundation\\Application), Array, Object(Closure))
#16 D:\\Programmes\\wamp64\\www\\phpFramework\\laravel5\\vendor\\laravel\\framework\\src\\Illuminate\\Container\\Container.php(572): Illuminate\\Container\\BoundMethod::call(Object(Illuminate\\Foundation\\Application), Array, Array, NULL)
#17 D:\\Programmes\\wamp64\\www\\phpFramework\\laravel5\\vendor\\laravel\\framework\\src\\Illuminate\\Foundation\\Application.php(795): Illuminate\\Container\\Container->call(Array)
#18 D:\\Programmes\\wamp64\\www\\phpFramework\\laravel5\\vendor\\laravel\\framework\\src\\Illuminate\\Foundation\\Application.php(778): Illuminate\\Foundation\\Application->bootProvider(Object(App\\Providers\\RouteServiceProvider))
#19 [internal function]: Illuminate\\Foundation\\Application->Illuminate\\Foundation\\{closure}(Object(App\\Providers\\RouteServiceProvider), 22)
#20 D:\\Programmes\\wamp64\\www\\phpFramework\\laravel5\\vendor\\laravel\\framework\\src\\Illuminate\\Foundation\\Application.php(779): array_walk(Array, Object(Closure))
#21 D:\\Programmes\\wamp64\\www\\phpFramework\\laravel5\\vendor\\laravel\\framework\\src\\Illuminate\\Foundation\\Bootstrap\\BootProviders.php(17): Illuminate\\Foundation\\Application->boot()
#22 D:\\Programmes\\wamp64\\www\\phpFramework\\laravel5\\vendor\\laravel\\framework\\src\\Illuminate\\Foundation\\Application.php(204): Illuminate\\Foundation\\Bootstrap\\BootProviders->bootstrap(Object(Illuminate\\Foundation\\Application))
#23 D:\\Programmes\\wamp64\\www\\phpFramework\\laravel5\\vendor\\laravel\\framework\\src\\Illuminate\\Foundation\\Http\\Kernel.php(162): Illuminate\\Foundation\\Application->bootstrapWith(Array)
#24 D:\\Programmes\\wamp64\\www\\phpFramework\\laravel5\\vendor\\laravel\\framework\\src\\Illuminate\\Foundation\\Http\\Kernel.php(146): Illuminate\\Foundation\\Http\\Kernel->bootstrap()
#25 D:\\Programmes\\wamp64\\www\\phpFramework\\laravel5\\vendor\\laravel\\framework\\src\\Illuminate\\Foundation\\Http\\Kernel.php(116): Illuminate\\Foundation\\Http\\Kernel->sendRequestThroughRouter(Object(Illuminate\\Http\\Request))
#26 D:\\Programmes\\wamp64\\www\\phpFramework\\laravel5\\public\\index.php(55): Illuminate\\Foundation\\Http\\Kernel->handle(Object(Illuminate\\Http\\Request))
#27 {main}
"} 
[2019-01-08 10:23:20] local.ERROR: Undefined variable: numero (View: D:\Programmes\wamp64\www\phpFramework\laravel5\resources\views\ressourcesFile.blade.php) {"exception":"[object] (ErrorException(code: 0): Undefined variable: numero (View: D:\\Programmes\\wamp64\\www\\phpFramework\\laravel5\esources\\views\essourcesFile.blade.php) at D:\\Programmes\\wamp64\\www\\phpFramework\\laravel5\\storage\\framework\\views\\42e5e34112c48f591526669fda1aca2b2a3abc96.php:6, ErrorException(code: 0): Undefined variable: numero at D:\\Programmes\\wamp64\\www\\phpFramework\\laravel5\\storage\\framework\\views\\42e5e34112c48f591526669fda1aca2b2a3abc96.php:6)
[stacktrace]
#0 D:\\Programmes\\wamp64\\www\\phpFramework\\laravel5\\vendor\\laravel\\framework\\src\\Illuminate\\View\\Engines\\PhpEngine.php(45): Illuminate\\View\\Engines\\CompilerEngine->handleViewException(Object(ErrorException), 1)
#1 D:\\Programmes\\wamp64\\www\\phpFramework\\laravel5\\vendor\\laravel\\framework\\src\\Illuminate\\View\\Engines\\CompilerEngine.php(59): Illuminate\\View\\Engines\\PhpEngine->evaluatePath('D:\\\\Programmes\\\\w...', Array)
#2 D:\\Programmes\\wamp64\\www\\phpFramework\\laravel5\\vendor\\laravel\\framework\\src\\Illuminate\\View\\View.php(142): Illuminate\\View\\Engines\\CompilerEngine->get('D:\\\\Programmes\\\\w...', Array)
#3 D:\\Programmes\\wamp64\\www\\phpFramework\\laravel5\\vendor\\laravel\\framework\\src\\Illuminate\\View\\View.php(125): Illuminate\\View\\View->getContents()
#4 D:\\Programmes\\wamp64\\www\\phpFramework\\laravel5\\vendor\\laravel\\framework\\src\\Illuminate\\View\\View.php(90): Illuminate\\View\\View->renderContents()
#5 D:\\Programmes\\wamp64\\www\\phpFramework\\laravel5\\vendor\\laravel\\framework\\src\\Illuminate\\Http\\Response.php(42): Illuminate\\View\\View->render()
#6 D:\\Programmes\\wamp64\\www\\phpFramework\\laravel5\\vendor\\symfony\\http-foundation\\Response.php(202): Illuminate\\Http\\Response->setContent(Object(Illuminate\\View\\View))
#7 D:\\Programmes\\wamp64\\www\\phpFramework\\laravel5\\vendor\\laravel\\framework\\src\\Illuminate\\Routing\\Router.php(750): Symfony\\Component\\HttpFoundation\\Response->__construct(Object(Illuminate\\View\\View))
#8 D:\\Programmes\\wamp64\\www\\phpFramework\\laravel5\\vendor\\laravel\\framework\\src\\Illuminate\\Routing\\Router.php(722): Illuminate\\Routing\\Router::toResponse(Object(Illuminate\\Http\\Request), Object(Illuminate\\View\\View))
#9 D:\\Programmes\\wamp64\\www\\phpFramework\\laravel5\\vendor\\laravel\\framework\\src\\Illuminate\\Routing\\Router.php(682): Illuminate\\Routing\\Router->prepareResponse(Object(Illuminate\\Http\\Request), Object(Illuminate\\View\\View))
#10 D:\\Programmes\\wamp64\\www\\phpFramework\\laravel5\\vendor\\laravel\\framework\\src\\Illuminate\\Routing\\Pipeline.php(30): Illuminate\\Routing\\Router->Illuminate\\Routing\\{closure}(Object(Illuminate\\Http\\Request))
#11 D:\\Programmes\\wamp64\\www\\phpFramework\\laravel5\\vendor\\laravel\\framework\\src\\Illuminate\\Routing\\Middleware\\SubstituteBindings.php(41): Illuminate\\Routing\\Pipeline->Illuminate\\Routing\\{closure}(Object(Illuminate\\Http\\Request))
#12 D:\\Programmes\\wamp64\\www\\phpFramework\\laravel5\\vendor\\laravel\\framework\\src\\Illuminate\\Pipeline\\Pipeline.php(151): Illuminate\\Routing\\Middleware\\SubstituteBindings->handle(Object(Illuminate\\Http\\Request), Object(Closure))
#13 D:\\Programmes\\wamp64\\www\\phpFramework\\laravel5\\vendor\\laravel\\framework\\src\\Illuminate\\Routing\\Pipeline.php(53): Illuminate\\Pipeline\\Pipeline->Illuminate\\Pipeline\\{closure}(Object(Illuminate\\Http\\Request))
#14 D:\\Programmes\\wamp64\\www\\phpFramework\\laravel5\\vendor\\laravel\\framework\\src\\Illuminate\\Foundation\\Http\\Middleware\\VerifyCsrfToken.php(75): Illuminate\\Routing\\Pipeline->Illuminate\\Routing\\{closure}(Object(Illuminate\\Http\\Request))
#15 D:\\Programmes\\wamp64\\www\\phpFramework\\laravel5\\vendor\\laravel\\framework\\src\\Illuminate\\Pipeline\\Pipeline.php(151): Illuminate\\Foundation\\Http\\Middleware\\VerifyCsrfToken->handle(Object(Illuminate\\Http\\Request), Object(Closure))
#16 D:\\Programmes\\wamp64\\www\\phpFramework\\laravel5\\vendor\\laravel\\framework\\src\\Illuminate\\Routing\\Pipeline.php(53): Illuminate\\Pipeline\\Pipeline->Illuminate\\Pipeline\\{closure}(Object(Illuminate\\Http\\Request))
#17 D:\\Programmes\\wamp64\\www\\phpFramework\\laravel5\\vendor\\laravel\\framework\\src\\Illuminate\\View\\Middleware\\ShareErrorsFromSession.php(49): Illuminate\\Routing\\Pipeline->Illuminate\\Routing\\{closure}(Object(Illuminate\\Http\\Request))
#18 D:\\Programmes\\wamp64\\www\\phpFramework\\laravel5\\vendor\\laravel\\framework\\src\\Illuminate\\Pipeline\\Pipeline.php(151): Illuminate\\View\\Middleware\\ShareErrorsFromSession->handle(Object(Illuminate\\Http\\Request), Object(Closure))
#19 D:\\Programmes\\wamp64\\www\\phpFramework\\laravel5\\vendor\\laravel\\framework\\src\\Illuminate\\Routing\\Pipeline.php(53): Illuminate\\Pipeline\\Pipeline->Illuminate\\Pipeline\\{closure}(Object(Illuminate\\Http\\Request))
#20 D:\\Programmes\\wamp64\\www\\phpFramework\\laravel5\\vendor\\laravel\\framework\\src\\Illuminate\\Session\\Middleware\\StartSession.php(63): Illuminate\\Routing\\Pipeline->Illuminate\\Routing\\{closure}(Object(Illuminate\\Http\\Request))
#21 D:\\Programmes\\wamp64\\www\\phpFramework\\laravel5\\vendor\\laravel\\framework\\src\\Illuminate\\Pipeline\\Pipeline.php(151): Illuminate\\Session\\Middleware\\StartSession->handle(Object(Illuminate\\Http\\Request), Object(Closure))
#22 D:\\Programmes\\wamp64\\www\\phpFramework\\laravel5\\vendor\\laravel\\framework\\src\\Illuminate\\Routing\\Pipeline.php(53): Illuminate\\Pipeline\\Pipeline->Illuminate\\Pipeline\\{closure}(Object(Illuminate\\Http\\Request))
#23 D:\\Programmes\\wamp64\\www\\phpFramework\\laravel5\\vendor\\laravel\\framework\\src\\Illuminate\\Cookie\\Middleware\\AddQueuedCookiesToResponse.php(37): Illuminate\\Routing\\Pipeline->Illuminate\\Routing\\{closure}(Object(Illuminate\\Http\\Request))
#24 D:\\Programmes\\wamp64\\www\\phpFramework\\laravel5\\vendor\\laravel\\framework\\src\\Illuminate\\Pipeline\\Pipeline.php(151): Illuminate\\Cookie\\Middleware\\AddQueuedCookiesToResponse->handle(Object(Illuminate\\Http\\Request), Object(Closure))
#25 D:\\Programmes\\wamp64\\www\\phpFramework\\laravel5\\vendor\\laravel\\framework\\src\\Illuminate\\Routing\\Pipeline.php(53): Illuminate\\Pipeline\\Pipeline->Illuminate\\Pipeline\\{closure}(Object(Illuminate\\Http\\Request))
#26 D:\\Programmes\\wamp64\\www\\phpFramework\\laravel5\\vendor\\laravel\\framework\\src\\Illuminate\\Cookie\\Middleware\\EncryptCookies.php(66): Illuminate\\Routing\\Pipeline->Illuminate\\Routing\\{closure}(Object(Illuminate\\Http\\Request))
#27 D:\\Programmes\\wamp64\\www\\phpFramework\\laravel5\\vendor\\laravel\\framework\\src\\Illuminate\\Pipeline\\Pipeline.php(151): Illuminate\\Cookie\\Middleware\\EncryptCookies->handle(Object(Illuminate\\Http\\Request), Object(Closure))
#28 D:\\Programmes\\wamp64\\www\\phpFramework\\laravel5\\vendor\\laravel\\framework\\src\\Illuminate\\Routing\\Pipeline.php(53): Illuminate\\Pipeline\\Pipeline->Illuminate\\Pipeline\\{closure}(Object(Illuminate\\Http\\Request))
#29 D:\\Programmes\\wamp64\\www\\phpFramework\\laravel5\\vendor\\laravel\\framework\\src\\Illuminate\\Pipeline\\Pipeline.php(104): Illuminate\\Routing\\Pipeline->Illuminate\\Routing\\{closure}(Object(Illuminate\\Http\\Request))
#30 D:\\Programmes\\wamp64\\www\\phpFramework\\laravel5\\vendor\\laravel\\framework\\src\\Illuminate\\Routing\\Router.php(684): Illuminate\\Pipeline\\Pipeline->then(Object(Closure))
#31 D:\\Programmes\\wamp64\\www\\phpFramework\\laravel5\\vendor\\laravel\\framework\\src\\Illuminate\\Routing\\Router.php(659): Illuminate\\Routing\\Router->runRouteWithinStack(Object(Illuminate\\Routing\\Route), Object(Illuminate\\Http\\Request))
#32 D:\\Programmes\\wamp64\\www\\phpFramework\\laravel5\\vendor\\laravel\\framework\\src\\Illuminate\\Routing\\Router.php(625): Illuminate\\Routing\\Router->runRoute(Object(Illuminate\\Http\\Request), Object(Illuminate\\Routing\\Route))
#33 D:\\Programmes\\wamp64\\www\\phpFramework\\laravel5\\vendor\\laravel\\framework\\src\\Illuminate\\Routing\\Router.php(614): Illuminate\\Routing\\Router->dispatchToRoute(Object(Illuminate\\Http\\Request))
#34 D:\\Programmes\\wamp64\\www\\phpFramework\\laravel5\\vendor\\laravel\\framework\\src\\Illuminate\\Foundation\\Http\\Kernel.php(176): Illuminate\\Routing\\Router->dispatch(Object(Illuminate\\Http\\Request))
#35 D:\\Programmes\\wamp64\\www\\phpFramework\\laravel5\\vendor\\laravel\\framework\\src\\Illuminate\\Routing\\Pipeline.php(30): Illuminate\\Foundation\\Http\\Kernel->Illuminate\\Foundation\\Http\\{closure}(Object(Illuminate\\Http\\Request))
#36 D:\\Programmes\\wamp64\\www\\phpFramework\\laravel5\\vendor\\fideloper\\proxy\\src\\TrustProxies.php(57): Illuminate\\Routing\\Pipeline->Illuminate\\Routing\\{closure}(Object(Illuminate\\Http\\Request))
#37 D:\\Programmes\\wamp64\\www\\phpFramework\\laravel5\\vendor\\laravel\\framework\\src\\Illuminate\\Pipeline\\Pipeline.php(151): Fideloper\\Proxy\\TrustProxies->handle(Object(Illuminate\\Http\\Request), Object(Closure))
#38 D:\\Programmes\\wamp64\\www\\phpFramework\\laravel5\\vendor\\laravel\\framework\\src\\Illuminate\\Routing\\Pipeline.php(53): Illuminate\\Pipeline\\Pipeline->Illuminate\\Pipeline\\{closure}(Object(Illuminate\\Http\\Request))
#39 D:\\Programmes\\wamp64\\www\\phpFramework\\laravel5\\vendor\\laravel\\framework\\src\\Illuminate\\Foundation\\Http\\Middleware\\TransformsRequest.php(31): Illuminate\\Routing\\Pipeline->Illuminate\\Routing\\{closure}(Object(Illuminate\\Http\\Request))
#40 D:\\Programmes\\wamp64\\www\\phpFramework\\laravel5\\vendor\\laravel\\framework\\src\\Illuminate\\Pipeline\\Pipeline.php(151): Illuminate\\Foundation\\Http\\Middleware\\TransformsRequest->handle(Object(Illuminate\\Http\\Request), Object(Closure))
#41 D:\\Programmes\\wamp64\\www\\phpFramework\\laravel5\\vendor\\laravel\\framework\\src\\Illuminate\\Routing\\Pipeline.php(53): Illuminate\\Pipeline\\Pipeline->Illuminate\\Pipeline\\{closure}(Object(Illuminate\\Http\\Request))
#42 D:\\Programmes\\wamp64\\www\\phpFramework\\laravel5\\vendor\\laravel\\framework\\src\\Illuminate\\Foundation\\Http\\Middleware\\TransformsRequest.php(31): Illuminate\\Routing\\Pipeline->Illuminate\\Routing\\{closure}(Object(Illuminate\\Http\\Request))
#43 D:\\Programmes\\wamp64\\www\\phpFramework\\laravel5\\vendor\\laravel\\framework\\src\\Illuminate\\Pipeline\\Pipeline.php(151): Illuminate\\Foundation\\Http\\Middleware\\TransformsRequest->handle(Object(Illuminate\\Http\\Request), Object(Closure))
#44 D:\\Programmes\\wamp64\\www\\phpFramework\\laravel5\\vendor\\laravel\\framework\\src\\Illuminate\\Routing\\Pipeline.php(53): Illuminate\\Pipeline\\Pipeline->Illuminate\\Pipeline\\{closure}(Object(Illuminate\\Http\\Request))
#45 D:\\Programmes\\wamp64\\www\\phpFramework\\laravel5\\vendor\\laravel\\framework\\src\\Illuminate\\Foundation\\Http\\Middleware\\ValidatePostSize.php(27): Illuminate\\Routing\\Pipeline->Illuminate\\Routing\\{closure}(Object(Illuminate\\Http\\Request))
#46 D:\\Programmes\\wamp64\\www\\phpFramework\\laravel5\\vendor\\laravel\\framework\\src\\Illuminate\\Pipeline\\Pipeline.php(151): Illuminate\\Foundation\\Http\\Middleware\\ValidatePostSize->handle(Object(Illuminate\\Http\\Request), Object(Closure))
#47 D:\\Programmes\\wamp64\\www\\phpFramework\\laravel5\\vendor\\laravel\\framework\\src\\Illuminate\\Routing\\Pipeline.php(53): Illuminate\\Pipeline\\Pipeline->Illuminate\\Pipeline\\{closure}(Object(Illuminate\\Http\\Request))
#48 D:\\Programmes\\wamp64\\www\\phpFramework\\laravel5\\vendor\\laravel\\framework\\src\\Illuminate\\Foundation\\Http\\Middleware\\CheckForMaintenanceMode.php(62): Illuminate\\Routing\\Pipeline->Illuminate\\Routing\\{closure}(Object(Illuminate\\Http\\Request))
#49 D:\\Programmes\\wamp64\\www\\phpFramework\\laravel5\\vendor\\laravel\\framework\\src\\Illuminate\\Pipeline\\Pipeline.php(151): Illuminate\\Foundation\\Http\\Middleware\\CheckForMaintenanceMode->handle(Object(Illuminate\\Http\\Request), Object(Closure))
#50 D:\\Programmes\\wamp64\\www\\phpFramework\\laravel5\\vendor\\laravel\\framework\\src\\Illuminate\\Routing\\Pipeline.php(53): Illuminate\\Pipeline\\Pipeline->Illuminate\\Pipeline\\{closure}(Object(Illuminate\\Http\\Request))
#51 D:\\Programmes\\wamp64\\www\\phpFramework\\laravel5\\vendor\\laravel\\framework\\src\\Illuminate\\Pipeline\\Pipeline.php(104): Illuminate\\Routing\\Pipeline->Illuminate\\Routing\\{closure}(Object(Illuminate\\Http\\Request))
#52 D:\\Programmes\\wamp64\\www\\phpFramework\\laravel5\\vendor\\laravel\\framework\\src\\Illuminate\\Foundation\\Http\\Kernel.php(151): Illuminate\\Pipeline\\Pipeline->then(Object(Closure))
#53 D:\\Programmes\\wamp64\\www\\phpFramework\\laravel5\\vendor\\laravel\\framework\\src\\Illuminate\\Foundation\\Http\\Kernel.php(116): Illuminate\\Foundation\\Http\\Kernel->sendRequestThroughRouter(Object(Illuminate\\Http\\Request))
#54 D:\\Programmes\\wamp64\\www\\phpFramework\\laravel5\\public\\index.php(55): Illuminate\\Foundation\\Http\\Kernel->handle(Object(Illuminate\\Http\\Request))
#55 {main}
"} 
